
> frontend@0.1.0 dev
> next dev

▲ Next.js 16.2.10 (Turbopack)
- Local:         http://localhost:3000
- Network:       http://192.168.1.2:3000
- Environments: .env.local
✓ Ready in 1915ms

 GET / 200 in 1665ms (next.js: 671ms, application-code: 994ms)
 GET / 200 in 200ms (next.js: 12ms, application-code: 188ms)
 GET / 200 in 124ms (next.js: 12ms, application-code: 113ms)
 GET / 200 in 129ms (next.js: 11ms, application-code: 118ms)
 GET / 200 in 225ms (next.js: 14ms, application-code: 210ms)
✓ Compiled in 293ms
 GET / 200 in 936ms (next.js: 551ms, application-code: 385ms)
 GET / 200 in 840ms (next.js: 14ms, application-code: 826ms)
✓ Compiled in 288ms
 GET / 200 in 3.5s (next.js: 2.7s, application-code: 743ms)
✓ Compiled in 95ms
 GET / 200 in 1920ms (next.js: 572ms, application-code: 1348ms)
 GET / 200 in 380ms (next.js: 24ms, application-code: 357ms)
 GET / 200 in 572ms (next.js: 56ms, application-code: 516ms)
 GET / 200 in 243ms (next.js: 23ms, application-code: 220ms)
 GET / 200 in 170ms (next.js: 19ms, application-code: 151ms)
 GET / 200 in 115ms (next.js: 14ms, application-code: 100ms)
 GET / 200 in 252ms (next.js: 39ms, application-code: 212ms)
 GET / 200 in 139ms (next.js: 12ms, application-code: 127ms)
 GET / 200 in 184ms (next.js: 15ms, application-code: 169ms)
 GET / 200 in 145ms (next.js: 11ms, application-code: 135ms)
 GET / 200 in 123ms (next.js: 12ms, application-code: 111ms)
 GET / 200 in 406ms (next.js: 29ms, application-code: 377ms)
 GET / 200 in 451ms (next.js: 90ms, application-code: 361ms)
 GET / 200 in 145ms (next.js: 13ms, application-code: 132ms)
 GET / 200 in 656ms (next.js: 115ms, application-code: 540ms)
 GET / 200 in 507ms (next.js: 50ms, application-code: 458ms)
 GET / 200 in 573ms (next.js: 51ms, application-code: 521ms)
 GET / 200 in 176ms (next.js: 11ms, application-code: 165ms)
 GET / 200 in 125ms (next.js: 11ms, application-code: 113ms)
 GET / 200 in 307ms (next.js: 47ms, application-code: 261ms)
 GET / 200 in 416ms (next.js: 37ms, application-code: 379ms)
 GET / 200 in 98ms (next.js: 8ms, application-code: 90ms)
 GET / 200 in 158ms (next.js: 15ms, application-code: 143ms)
 GET / 200 in 104ms (next.js: 24ms, application-code: 80ms)
 GET / 200 in 123ms (next.js: 12ms, application-code: 111ms)
 GET / 200 in 294ms (next.js: 27ms, application-code: 267ms)
✓ Compiled in 1568ms
 GET / 200 in 484ms (next.js: 289ms, application-code: 195ms)
 GET / 200 in 486ms (next.js: 401ms, application-code: 86ms)
 GET / 200 in 726ms (next.js: 10ms, application-code: 716ms)
 GET / 200 in 726ms (next.js: 66ms, application-code: 660ms)
 GET / 200 in 683ms (next.js: 11ms, application-code: 672ms)
 GET / 200 in 684ms (next.js: 77ms, application-code: 607ms)
 GET / 200 in 587ms (next.js: 30ms, application-code: 557ms)
 GET / 200 in 590ms (next.js: 85ms, application-code: 505ms)
 GET / 200 in 591ms (next.js: 228ms, application-code: 362ms)
 GET / 200 in 595ms (next.js: 172ms, application-code: 422ms)
 GET / 200 in 656ms (next.js: 289ms, application-code: 367ms)
 GET / 200 in 656ms (next.js: 367ms, application-code: 289ms)
 GET / 200 in 251ms (next.js: 12ms, application-code: 239ms)
 GET / 200 in 252ms (next.js: 56ms, application-code: 196ms)
 GET / 200 in 163ms (next.js: 12ms, application-code: 151ms)
 GET / 200 in 114ms (next.js: 26ms, application-code: 88ms)
✓ Compiled in 128ms
 GET / 200 in 979ms (next.js: 228ms, application-code: 750ms)
 GET / 200 in 991ms (next.js: 731ms, application-code: 260ms)
 GET / 200 in 124ms (next.js: 9ms, application-code: 115ms)
✓ Compiled in 258ms
 GET / 200 in 342ms (next.js: 225ms, application-code: 117ms)
 GET / 200 in 344ms (next.js: 293ms, application-code: 50ms)
✓ Compiled in 160ms
✓ Compiled in 134ms
 GET / 200 in 378ms (next.js: 240ms, application-code: 138ms)
 GET / 200 in 379ms (next.js: 319ms, application-code: 60ms)
 GET / 200 in 488ms (next.js: 9ms, application-code: 479ms)
 GET / 200 in 108ms (next.js: 11ms, application-code: 97ms)
✓ Compiled in 815ms
 GET / 200 in 1059ms (next.js: 401ms, application-code: 658ms)
 GET / 200 in 1059ms (next.js: 509ms, application-code: 551ms)
 GET / 200 in 711ms (next.js: 16ms, application-code: 695ms)
 GET / 200 in 710ms (next.js: 18ms, application-code: 692ms)
 GET / 200 in 653ms (next.js: 18ms, application-code: 635ms)
 GET / 200 in 649ms (next.js: 108ms, application-code: 541ms)
 GET / 200 in 656ms (next.js: 68ms, application-code: 588ms)
 GET / 200 in 556ms (next.js: 18ms, application-code: 538ms)
 GET / 200 in 557ms (next.js: 90ms, application-code: 467ms)
 GET / 200 in 558ms (next.js: 160ms, application-code: 398ms)
 GET / 200 in 606ms (next.js: 227ms, application-code: 378ms)
 GET / 200 in 394ms (next.js: 96ms, application-code: 298ms)
 GET / 200 in 239ms (next.js: 15ms, application-code: 224ms)
 GET / 200 in 240ms (next.js: 59ms, application-code: 181ms)
 GET / 200 in 135ms (next.js: 19ms, application-code: 116ms)
 GET / 200 in 82ms (next.js: 17ms, application-code: 65ms)
 GET / 200 in 628ms (next.js: 16ms, application-code: 612ms)
✓ Compiled in 357ms
 GET / 200 in 550ms (next.js: 221ms, application-code: 329ms)
 GET / 200 in 550ms (next.js: 327ms, application-code: 223ms)
 GET / 200 in 181ms (next.js: 18ms, application-code: 162ms)
 GET / 200 in 173ms (next.js: 51ms, application-code: 122ms)
 GET / 200 in 91ms (next.js: 12ms, application-code: 80ms)
 GET / 200 in 89ms (next.js: 44ms, application-code: 46ms)
✓ Compiled in 121ms
✓ Compiled in 166ms
 GET / 200 in 318ms (next.js: 191ms, application-code: 128ms)
 GET / 200 in 58ms (next.js: 7ms, application-code: 51ms)
✓ Compiled in 1372ms
 GET / 200 in 155ms (next.js: 88ms, application-code: 68ms)
 GET / 200 in 1318ms (next.js: 408ms, application-code: 910ms)
 GET / 200 in 1352ms (next.js: 493ms, application-code: 859ms)
 GET / 200 in 1372ms (next.js: 709ms, application-code: 663ms)
 GET / 200 in 267ms (next.js: 58ms, application-code: 209ms)
✓ Compiled in 101ms
✓ Compiled in 193ms
 GET / 200 in 398ms (next.js: 239ms, application-code: 159ms)
 GET / 200 in 55ms (next.js: 13ms, application-code: 41ms)
✓ Compiled in 288ms
✓ Compiled in 643ms
 GET / 200 in 769ms (next.js: 404ms, application-code: 365ms)
 GET / 200 in 775ms (next.js: 529ms, application-code: 246ms)
 GET / 200 in 462ms (next.js: 14ms, application-code: 448ms)
 GET / 200 in 461ms (next.js: 92ms, application-code: 369ms)
 GET / 200 in 281ms (next.js: 19ms, application-code: 263ms)
 GET / 200 in 282ms (next.js: 78ms, application-code: 204ms)
 GET / 200 in 141ms (next.js: 15ms, application-code: 126ms)
 GET / 200 in 142ms (next.js: 62ms, application-code: 80ms)
 GET / 200 in 415ms (next.js: 8ms, application-code: 407ms)
✓ Compiled in 482ms
 GET / 200 in 796ms (next.js: 257ms, application-code: 539ms)
 GET / 200 in 798ms (next.js: 328ms, application-code: 470ms)
 GET / 200 in 606ms (next.js: 8ms, application-code: 598ms)
 GET / 200 in 575ms (next.js: 15ms, application-code: 560ms)
 GET / 200 in 537ms (next.js: 16ms, application-code: 521ms)
 GET / 200 in 539ms (next.js: 52ms, application-code: 487ms)
 GET / 200 in 540ms (next.js: 86ms, application-code: 454ms)
 GET / 200 in 426ms (next.js: 27ms, application-code: 399ms)
 GET / 200 in 426ms (next.js: 136ms, application-code: 289ms)
 GET / 200 in 430ms (next.js: 85ms, application-code: 344ms)
 GET / 200 in 221ms (next.js: 18ms, application-code: 203ms)
 GET / 200 in 221ms (next.js: 58ms, application-code: 163ms)
 GET / 200 in 133ms (next.js: 14ms, application-code: 119ms)
 GET / 200 in 132ms (next.js: 50ms, application-code: 83ms)
 GET / 200 in 532ms (next.js: 11ms, application-code: 521ms)
✓ Compiled in 654ms
 GET / 200 in 1330ms (next.js: 486ms, application-code: 844ms)
 GET / 200 in 1331ms (next.js: 587ms, application-code: 744ms)
 GET / 200 in 750ms (next.js: 35ms, application-code: 715ms)
 GET / 200 in 744ms (next.js: 92ms, application-code: 652ms)
 GET / 200 in 551ms (next.js: 173ms, application-code: 378ms)
 GET / 200 in 562ms (next.js: 83ms, application-code: 479ms)
 GET / 200 in 556ms (next.js: 229ms, application-code: 327ms)
 GET / 200 in 557ms (next.js: 272ms, application-code: 285ms)
 GET / 200 in 557ms (next.js: 313ms, application-code: 244ms)
 GET / 200 in 560ms (next.js: 360ms, application-code: 201ms)
 GET / 200 in 163ms (next.js: 17ms, application-code: 146ms)
 GET / 200 in 165ms (next.js: 65ms, application-code: 100ms)
✓ Compiled in 145ms
 GET / 200 in 491ms (next.js: 215ms, application-code: 276ms)
 GET / 200 in 179ms (next.js: 66ms, application-code: 113ms)
✓ Compiled in 118ms
 GET / 200 in 370ms (next.js: 200ms, application-code: 170ms)
 GET / 200 in 370ms (next.js: 324ms, application-code: 46ms)
✓ Compiled in 284ms
 GET / 200 in 916ms (next.js: 345ms, application-code: 571ms)
 GET / 200 in 862ms (next.js: 352ms, application-code: 510ms)
 GET / 200 in 899ms (next.js: 27ms, application-code: 872ms)
 GET / 200 in 899ms (next.js: 117ms, application-code: 782ms)
 GET / 200 in 914ms (next.js: 81ms, application-code: 833ms)
 GET / 200 in 922ms (next.js: 24ms, application-code: 898ms)
 GET / 200 in 970ms (next.js: 50ms, application-code: 920ms)
 GET / 200 in 976ms (next.js: 176ms, application-code: 800ms)
 GET / 200 in 971ms (next.js: 261ms, application-code: 710ms)
 GET / 200 in 735ms (next.js: 113ms, application-code: 622ms)
 GET / 200 in 736ms (next.js: 178ms, application-code: 558ms)
 GET / 200 in 656ms (next.js: 163ms, application-code: 493ms)
 GET / 200 in 637ms (next.js: 14ms, application-code: 623ms)
 GET / 200 in 596ms (next.js: 28ms, application-code: 569ms)
 GET / 200 in 623ms (next.js: 118ms, application-code: 505ms)
 GET / 200 in 460ms (next.js: 24ms, application-code: 436ms)
 GET / 200 in 460ms (next.js: 80ms, application-code: 380ms)
 GET / 200 in 320ms (next.js: 35ms, application-code: 285ms)
✓ Compiled in 537ms
 GET / 200 in 1015ms (next.js: 478ms, application-code: 538ms)
 GET / 200 in 1021ms (next.js: 659ms, application-code: 362ms)
 GET / 200 in 1286ms (next.js: 25ms, application-code: 1262ms)
 GET / 200 in 1295ms (next.js: 139ms, application-code: 1156ms)
 GET / 200 in 1267ms (next.js: 114ms, application-code: 1152ms)
 GET / 200 in 1274ms (next.js: 21ms, application-code: 1252ms)
 GET / 200 in 1173ms (next.js: 33ms, application-code: 1140ms)
 GET / 200 in 1174ms (next.js: 118ms, application-code: 1056ms)
 GET / 200 in 1176ms (next.js: 323ms, application-code: 853ms)
 GET / 200 in 1181ms (next.js: 220ms, application-code: 960ms)
 GET / 200 in 1249ms (next.js: 415ms, application-code: 834ms)
 GET / 200 in 1246ms (next.js: 571ms, application-code: 676ms)
 GET / 200 in 1252ms (next.js: 500ms, application-code: 752ms)
 GET / 200 in 1249ms (next.js: 656ms, application-code: 593ms)
 GET / 200 in 643ms (next.js: 27ms, application-code: 616ms)
 GET / 200 in 641ms (next.js: 135ms, application-code: 506ms)
 GET / 200 in 648ms (next.js: 20ms, application-code: 629ms)
 GET / 200 in 653ms (next.js: 115ms, application-code: 538ms)
 GET / 200 in 478ms (next.js: 25ms, application-code: 453ms)
 GET / 200 in 479ms (next.js: 84ms, application-code: 395ms)
 GET / 200 in 481ms (next.js: 141ms, application-code: 340ms)
 GET / 200 in 303ms (next.js: 43ms, application-code: 260ms)
 GET / 200 in 307ms (next.js: 108ms, application-code: 198ms)
 GET / 200 in 309ms (next.js: 175ms, application-code: 134ms)
✓ Compiled in 331ms
 GET / 500 in 768ms (next.js: 325ms, application-code: 443ms)
 GET / 500 in 772ms (next.js: 343ms, application-code: 430ms)
 GET / 500 in 114ms (next.js: 43ms, application-code: 71ms)
 GET / 500 in 114ms (next.js: 81ms, application-code: 32ms)
 GET / 500 in 141ms (next.js: 94ms, application-code: 47ms)
 GET / 500 in 161ms (next.js: 119ms, application-code: 41ms)
✓ Compiled in 91ms
 GET / 200 in 435ms (next.js: 37ms, application-code: 398ms)
 GET / 200 in 281ms (next.js: 21ms, application-code: 260ms)
 GET / 200 in 116ms (next.js: 11ms, application-code: 105ms)
✓ Compiled in 119ms
 GET / 200 in 438ms (next.js: 233ms, application-code: 204ms)
 GET / 200 in 439ms (next.js: 374ms, application-code: 65ms)
✓ Compiled in 205ms
 GET / 200 in 831ms (next.js: 636ms, application-code: 194ms)
 GET / 200 in 109ms (next.js: 16ms, application-code: 94ms)
✓ Compiled in 124ms
 GET / 200 in 351ms (next.js: 213ms, application-code: 138ms)
 GET / 200 in 352ms (next.js: 293ms, application-code: 59ms)
✓ Compiled in 369ms
 GET / 200 in 1212ms (next.js: 350ms, application-code: 862ms)
 GET / 200 in 1214ms (next.js: 432ms, application-code: 782ms)
 GET / 200 in 911ms (next.js: 51ms, application-code: 860ms)
 GET / 200 in 891ms (next.js: 159ms, application-code: 732ms)
 GET / 200 in 804ms (next.js: 185ms, application-code: 619ms)
 GET / 200 in 811ms (next.js: 57ms, application-code: 754ms)
 GET / 200 in 807ms (next.js: 243ms, application-code: 565ms)
 GET / 200 in 786ms (next.js: 286ms, application-code: 500ms)
 GET / 200 in 456ms (next.js: 19ms, application-code: 437ms)
 GET / 200 in 461ms (next.js: 105ms, application-code: 356ms)
 GET / 200 in 462ms (next.js: 162ms, application-code: 300ms)
 GET / 200 in 328ms (next.js: 67ms, application-code: 261ms)
 GET / 200 in 279ms (next.js: 155ms, application-code: 124ms)
 GET / 200 in 283ms (next.js: 83ms, application-code: 201ms)
✓ Compiled in 181ms
 GET / 200 in 340ms (next.js: 197ms, application-code: 143ms)
 GET / 200 in 344ms (next.js: 289ms, application-code: 54ms)
✓ Compiled in 325ms
 GET / 200 in 849ms (next.js: 265ms, application-code: 584ms)
 GET / 200 in 852ms (next.js: 359ms, application-code: 492ms)
 GET / 200 in 419ms (next.js: 22ms, application-code: 398ms)
 GET / 200 in 418ms (next.js: 107ms, application-code: 310ms)
 GET / 200 in 268ms (next.js: 16ms, application-code: 253ms)
 GET / 200 in 269ms (next.js: 71ms, application-code: 198ms)
 GET / 200 in 271ms (next.js: 129ms, application-code: 142ms)
 GET / 200 in 273ms (next.js: 199ms, application-code: 73ms)
✓ Compiled in 133ms
 GET / 500 in 111ms (next.js: 59ms, application-code: 53ms)
 GET / 500 in 112ms (next.js: 89ms, application-code: 23ms)
 GET / 500 in 117ms (next.js: 38ms, application-code: 79ms)
 GET / 500 in 117ms (next.js: 65ms, application-code: 52ms)
 GET / 500 in 180ms (next.js: 101ms, application-code: 79ms)
 GET / 500 in 181ms (next.js: 127ms, application-code: 54ms)
 GET / 500 in 92ms (next.js: 61ms, application-code: 31ms)
 GET / 500 in 76ms (next.js: 45ms, application-code: 31ms)
✓ Compiled in 127ms
 GET / 200 in 1028ms (next.js: 348ms, application-code: 680ms)
 GET / 200 in 215ms (next.js: 32ms, application-code: 183ms)
✓ Compiled in 137ms
 GET / 200 in 447ms (next.js: 224ms, application-code: 223ms)
 GET / 200 in 113ms (next.js: 43ms, application-code: 70ms)
✓ Compiled in 131ms
 GET / 200 in 280ms (next.js: 185ms, application-code: 95ms)
 GET / 200 in 283ms (next.js: 242ms, application-code: 41ms)
✓ Compiled in 256ms
 GET / 200 in 603ms (next.js: 399ms, application-code: 204ms)
 GET / 200 in 612ms (next.js: 534ms, application-code: 79ms)
✓ Compiled in 122ms
 GET / 200 in 523ms (next.js: 272ms, application-code: 251ms)
 GET / 200 in 525ms (next.js: 391ms, application-code: 134ms)
✓ Compiled in 154ms
 GET / 200 in 374ms (next.js: 237ms, application-code: 137ms)
 GET / 200 in 376ms (next.js: 319ms, application-code: 57ms)
✓ Compiled in 185ms
 GET / 200 in 522ms (next.js: 436ms, application-code: 86ms)
 GET / 200 in 528ms (next.js: 300ms, application-code: 228ms)
✓ Compiled in 69ms
 GET / 200 in 314ms (next.js: 192ms, application-code: 122ms)
 GET / 200 in 315ms (next.js: 250ms, application-code: 65ms)
✓ Compiled in 111ms
 GET / 200 in 401ms (next.js: 172ms, application-code: 228ms)
 GET / 200 in 405ms (next.js: 283ms, application-code: 122ms)
✓ Compiled in 147ms
 GET / 200 in 399ms (next.js: 214ms, application-code: 185ms)
 GET / 200 in 401ms (next.js: 345ms, application-code: 56ms)
✓ Compiled in 142ms
 GET / 200 in 383ms (next.js: 222ms, application-code: 161ms)
 GET / 200 in 384ms (next.js: 320ms, application-code: 64ms)
✓ Compiled in 129ms
 GET / 200 in 1731ms (next.js: 354ms, application-code: 1376ms)
 GET / 200 in 456ms (next.js: 119ms, application-code: 338ms)
✓ Compiled in 255ms
 GET / 200 in 451ms (next.js: 257ms, application-code: 194ms)
 GET / 200 in 452ms (next.js: 366ms, application-code: 86ms)
✓ Compiled in 78ms
 GET / 200 in 395ms (next.js: 283ms, application-code: 112ms)
 GET / 200 in 397ms (next.js: 349ms, application-code: 47ms)
✓ Compiled in 180ms
 GET / 200 in 403ms (next.js: 218ms, application-code: 184ms)
 GET / 200 in 73ms (next.js: 16ms, application-code: 57ms)
✓ Compiled in 166ms
 GET / 200 in 361ms (next.js: 168ms, application-code: 193ms)
 GET / 200 in 362ms (next.js: 266ms, application-code: 96ms)
✓ Compiled in 222ms
 GET / 200 in 501ms (next.js: 281ms, application-code: 220ms)
 GET / 200 in 506ms (next.js: 394ms, application-code: 112ms)
✓ Compiled in 176ms
 GET / 200 in 733ms (next.js: 323ms, application-code: 410ms)
 GET / 200 in 235ms (next.js: 29ms, application-code: 206ms)
✓ Compiled in 142ms
 GET / 200 in 390ms (next.js: 243ms, application-code: 147ms)
 GET / 200 in 393ms (next.js: 338ms, application-code: 55ms)
✓ Compiled in 208ms
 GET / 200 in 388ms (next.js: 242ms, application-code: 146ms)
 GET / 200 in 390ms (next.js: 330ms, application-code: 60ms)
✓ Compiled in 371ms
 GET / 200 in 1020ms (next.js: 289ms, application-code: 731ms)
 GET / 200 in 1023ms (next.js: 400ms, application-code: 623ms)
 GET / 200 in 572ms (next.js: 10ms, application-code: 562ms)
 GET / 200 in 573ms (next.js: 78ms, application-code: 495ms)
 GET / 200 in 442ms (next.js: 17ms, application-code: 425ms)
 GET / 200 in 442ms (next.js: 76ms, application-code: 366ms)
 GET / 200 in 443ms (next.js: 177ms, application-code: 266ms)
 GET / 200 in 446ms (next.js: 235ms, application-code: 211ms)
 GET / 200 in 447ms (next.js: 292ms, application-code: 155ms)
 GET / 200 in 450ms (next.js: 351ms, application-code: 99ms)
✓ Compiled in 101ms
 GET / 200 in 371ms (next.js: 197ms, application-code: 175ms)
 GET / 200 in 372ms (next.js: 325ms, application-code: 48ms)
✓ Compiled in 93ms
 GET / 200 in 341ms (next.js: 210ms, application-code: 131ms)
 GET / 200 in 342ms (next.js: 283ms, application-code: 59ms)
✓ Compiled in 139ms
 GET / 200 in 1080ms (next.js: 500ms, application-code: 580ms)
 GET / 200 in 1087ms (next.js: 216ms, application-code: 871ms)
✓ Compiled in 182ms
 GET / 200 in 295ms (next.js: 187ms, application-code: 108ms)
 GET / 200 in 76ms (next.js: 16ms, application-code: 60ms)
✓ Compiled in 276ms
 GET / 200 in 490ms (next.js: 277ms, application-code: 213ms)
 GET / 200 in 492ms (next.js: 394ms, application-code: 98ms)
✓ Compiled in 488ms
 GET / 200 in 760ms (next.js: 269ms, application-code: 491ms)
 GET / 200 in 784ms (next.js: 351ms, application-code: 433ms)
 GET / 200 in 488ms (next.js: 11ms, application-code: 477ms)
 GET / 200 in 431ms (next.js: 35ms, application-code: 396ms)
 GET / 200 in 303ms (next.js: 14ms, application-code: 289ms)
 GET / 200 in 208ms (next.js: 105ms, application-code: 102ms)
✓ Compiled in 132ms
 GET / 200 in 481ms (next.js: 412ms, application-code: 69ms)
 GET / 200 in 474ms (next.js: 286ms, application-code: 189ms)
✓ Compiled in 428ms
 GET / 200 in 961ms (next.js: 205ms, application-code: 755ms)
 GET / 200 in 247ms (next.js: 16ms, application-code: 231ms)
