Failed to proxy http://127.0.0.1:8000/api/signals/backtest?symbol=NIFTY Error: socket hang up
    at ignore-listed frames {
  code: 'ECONNRESET'
}
Error: socket hang up
    at ignore-listed frames {
  code: 'ECONNRESET'
}
Failed to proxy http://127.0.0.1:8000/api/signals/backtest?symbol=NIFTY Error: socket hang up
    at ignore-listed frames {
  code: 'ECONNRESET'
}
Error: socket hang up
    at ignore-listed frames {
  code: 'ECONNRESET'
}
Failed to proxy http://127.0.0.1:8000/api/signals/backtest?symbol=NIFTY Error: socket hang up
    at ignore-listed frames {
  code: 'ECONNRESET'
}
Error: socket hang up
    at ignore-listed frames {
  code: 'ECONNRESET'
}
Failed to proxy http://127.0.0.1:8000/api/signals/backtest?symbol=NIFTY Error: socket hang up
    at ignore-listed frames {
  code: 'ECONNRESET'
}
Error: socket hang up
    at ignore-listed frames {
  code: 'ECONNRESET'
}
Failed to proxy http://127.0.0.1:8000/api/signals/backtest?symbol=NIFTY Error: socket hang up
    at ignore-listed frames {
  code: 'ECONNRESET'
}
Error: socket hang up
    at ignore-listed frames {
  code: 'ECONNRESET'
}
Failed to proxy http://127.0.0.1:8000/api/signals/backtest?symbol=NIFTY Error: socket hang up
    at ignore-listed frames {
  code: 'ECONNRESET'
}
Error: socket hang up
    at ignore-listed frames {
  code: 'ECONNRESET'
}
Failed to proxy http://127.0.0.1:8000/api/signals/backtest?symbol=NIFTY Error: socket hang up
    at ignore-listed frames {
  code: 'ECONNRESET'
}
Error: socket hang up
    at ignore-listed frames {
  code: 'ECONNRESET'
}
Failed to proxy http://127.0.0.1:8000/api/signals/backtest?symbol=NIFTY Error: socket hang up
    at ignore-listed frames {
  code: 'ECONNRESET'
}
Error: socket hang up
    at ignore-listed frames {
  code: 'ECONNRESET'
}
Failed to proxy http://127.0.0.1:8000/api/signals/backtest?symbol=NIFTY Error: socket hang up
    at ignore-listed frames {
  code: 'ECONNRESET'
}
Error: socket hang up
    at ignore-listed frames {
  code: 'ECONNRESET'
}
Failed to proxy http://127.0.0.1:8000/api/signals/backtest?symbol=NIFTY Error: socket hang up
    at ignore-listed frames {
  code: 'ECONNRESET'
}
Error: socket hang up
    at ignore-listed frames {
  code: 'ECONNRESET'
}
Failed to proxy http://127.0.0.1:8000/api/signals/backtest?symbol=NIFTY Error: socket hang up
    at ignore-listed frames {
  code: 'ECONNRESET'
}
Error: socket hang up
    at ignore-listed frames {
  code: 'ECONNRESET'
}
Failed to proxy http://127.0.0.1:8000/api/signals/backtest?symbol=NIFTY Error: socket hang up
    at ignore-listed frames {
  code: 'ECONNRESET'
}
Error: socket hang up
    at ignore-listed frames {
  code: 'ECONNRESET'
}
Failed to proxy http://127.0.0.1:8000/api/signals/backtest?symbol=NIFTY Error: socket hang up
    at ignore-listed frames {
  code: 'ECONNRESET'
}
Error: socket hang up
    at ignore-listed frames {
  code: 'ECONNRESET'
}
Failed to proxy http://127.0.0.1:8000/api/signals/backtest?symbol=NIFTY Error: socket hang up
    at ignore-listed frames {
  code: 'ECONNRESET'
}
Error: socket hang up
    at ignore-listed frames {
  code: 'ECONNRESET'
}
Failed to proxy http://127.0.0.1:8000/api/signals/backtest?symbol=NIFTY Error: socket hang up
    at ignore-listed frames {
  code: 'ECONNRESET'
}
Error: socket hang up
    at ignore-listed frames {
  code: 'ECONNRESET'
}
Failed to proxy http://127.0.0.1:8000/api/signals/backtest?symbol=NIFTY Error: socket hang up
    at ignore-listed frames {
  code: 'ECONNRESET'
}
Error: socket hang up
    at ignore-listed frames {
  code: 'ECONNRESET'
}
Failed to proxy http://127.0.0.1:8000/api/signals/backtest?symbol=NIFTY Error: socket hang up
    at ignore-listed frames {
  code: 'ECONNRESET'
}
Error: socket hang up
    at ignore-listed frames {
  code: 'ECONNRESET'
}
Failed to proxy http://127.0.0.1:8000/api/signals/backtest?symbol=NIFTY Error: socket hang up
    at ignore-listed frames {
  code: 'ECONNRESET'
}
Error: socket hang up
    at ignore-listed frames {
  code: 'ECONNRESET'
}
Failed to proxy http://127.0.0.1:8000/api/market/spot?symbol=NIFTY Error: socket hang up
    at ignore-listed frames {
  code: 'ECONNRESET'
}
Error: socket hang up
    at ignore-listed frames {
  code: 'ECONNRESET'
}
[browser] Error: Connection failed
    at fetchData (file://C:/Users/abham/OneDrive/Desktop/desktop/ML/QuantForge AI/frontend/.next/dev/static/chunks/app_page_tsx_1s_43kl._.js:87:50) (file://C:/Users/abham/OneDrive/Desktop/desktop/ML/QuantForge AI/frontend/.next/dev/static/chunks/app_page_tsx_1s_43kl._.js:120:21)
Failed to proxy http://127.0.0.1:8000/api/market/option-chain?symbol=NIFTY Error: socket hang up
    at ignore-listed frames {
  code: 'ECONNRESET'
}
Error: socket hang up
    at ignore-listed frames {
  code: 'ECONNRESET'
}
Failed to proxy http://127.0.0.1:8000/api/signals/backtest?symbol=NIFTY Error: socket hang up
    at ignore-listed frames {
  code: 'ECONNRESET'
}
Error: socket hang up
    at ignore-listed frames {
  code: 'ECONNRESET'
}
Failed to proxy http://127.0.0.1:8000/api/signals/backtest?symbol=NIFTY Error: socket hang up
    at ignore-listed frames {
  code: 'ECONNRESET'
}
Error: socket hang up
    at ignore-listed frames {
  code: 'ECONNRESET'
}
Failed to proxy http://127.0.0.1:8000/api/signals/backtest?symbol=NIFTY Error: socket hang up
    at ignore-listed frames {
  code: 'ECONNRESET'
}
Error: socket hang up
    at ignore-listed frames {
  code: 'ECONNRESET'
}
Failed to proxy http://127.0.0.1:8000/api/signals/backtest?symbol=NIFTY Error: socket hang up
    at ignore-listed frames {
  code: 'ECONNRESET'
}
Error: socket hang up
    at ignore-listed frames {
  code: 'ECONNRESET'
}
Failed to proxy http://127.0.0.1:8000/api/signals/backtest?symbol=NIFTY Error: socket hang up
    at ignore-listed frames {
  code: 'ECONNRESET'
}
Error: socket hang up
    at ignore-listed frames {
  code: 'ECONNRESET'
}
Failed to proxy http://127.0.0.1:8000/api/signals/backtest?symbol=NIFTY Error: socket hang up
    at ignore-listed frames {
  code: 'ECONNRESET'
}
Error: socket hang up
    at ignore-listed frames {
  code: 'ECONNRESET'
}
Failed to proxy http://127.0.0.1:8000/api/signals/backtest?symbol=NIFTY Error: socket hang up
    at ignore-listed frames {
  code: 'ECONNRESET'
}
Error: socket hang up
    at ignore-listed frames {
  code: 'ECONNRESET'
}
Failed to proxy http://127.0.0.1:8000/api/signals/backtest?symbol=NIFTY Error: socket hang up
    at ignore-listed frames {
  code: 'ECONNRESET'
}
Error: socket hang up
    at ignore-listed frames {
  code: 'ECONNRESET'
}
Failed to proxy http://127.0.0.1:8000/api/signals/backtest?symbol=NIFTY Error: socket hang up
    at ignore-listed frames {
  code: 'ECONNRESET'
}
Error: socket hang up
    at ignore-listed frames {
  code: 'ECONNRESET'
}
Failed to proxy http://127.0.0.1:8000/api/market/option-chain?symbol=NIFTY Error: socket hang up
    at ignore-listed frames {
  code: 'ECONNRESET'
}
Error: socket hang up
    at ignore-listed frames {
  code: 'ECONNRESET'
}
Failed to proxy http://127.0.0.1:8000/api/signals/backtest?symbol=NIFTY Error: socket hang up
    at ignore-listed frames {
  code: 'ECONNRESET'
}
Error: socket hang up
    at ignore-listed frames {
  code: 'ECONNRESET'
}
Failed to proxy http://127.0.0.1:8000/api/signals/backtest?symbol=NIFTY Error: socket hang up
    at ignore-listed frames {
  code: 'ECONNRESET'
}
Error: socket hang up
    at ignore-listed frames {
  code: 'ECONNRESET'
}
Failed to proxy http://127.0.0.1:8000/api/signals/backtest?symbol=NIFTY Error: socket hang up
    at ignore-listed frames {
  code: 'ECONNRESET'
}
Error: socket hang up
    at ignore-listed frames {
  code: 'ECONNRESET'
}
Failed to proxy http://127.0.0.1:8000/api/signals/backtest?symbol=NIFTY Error: socket hang up
    at ignore-listed frames {
  code: 'ECONNRESET'
}
Error: socket hang up
    at ignore-listed frames {
  code: 'ECONNRESET'
}
Failed to proxy http://127.0.0.1:8000/api/signals/backtest?symbol=NIFTY Error: socket hang up
    at ignore-listed frames {
  code: 'ECONNRESET'
}
Error: socket hang up
    at ignore-listed frames {
  code: 'ECONNRESET'
}
Failed to proxy http://127.0.0.1:8000/api/signals/backtest?symbol=NIFTY Error: socket hang up
    at ignore-listed frames {
  code: 'ECONNRESET'
}
Error: socket hang up
    at ignore-listed frames {
  code: 'ECONNRESET'
}
Failed to proxy http://127.0.0.1:8000/api/signals/backtest?symbol=NIFTY Error: socket hang up
    at ignore-listed frames {
  code: 'ECONNRESET'
}
Error: socket hang up
    at ignore-listed frames {
  code: 'ECONNRESET'
}
Failed to proxy http://127.0.0.1:8000/api/signals/backtest?symbol=NIFTY Error: socket hang up
    at ignore-listed frames {
  code: 'ECONNRESET'
}
Error: socket hang up
    at ignore-listed frames {
  code: 'ECONNRESET'
}
Failed to proxy http://127.0.0.1:8000/api/signals/backtest?symbol=NIFTY Error: socket hang up
    at ignore-listed frames {
  code: 'ECONNRESET'
}
Error: socket hang up
    at ignore-listed frames {
  code: 'ECONNRESET'
}
Failed to proxy http://127.0.0.1:8000/api/signals/backtest?symbol=BANKNIFTY Error: socket hang up
    at ignore-listed frames {
  code: 'ECONNRESET'
}
Error: socket hang up
    at ignore-listed frames {
  code: 'ECONNRESET'
}
Failed to proxy http://127.0.0.1:8000/api/signals/backtest?symbol=NIFTY Error: socket hang up
    at ignore-listed frames {
  code: 'ECONNRESET'
}
Error: socket hang up
    at ignore-listed frames {
  code: 'ECONNRESET'
}
Failed to proxy http://127.0.0.1:8000/api/signals/backtest?symbol=NIFTY Error: socket hang up
    at ignore-listed frames {
  code: 'ECONNRESET'
}
Error: socket hang up
    at ignore-listed frames {
  code: 'ECONNRESET'
}
Failed to proxy http://127.0.0.1:8000/api/signals/backtest?symbol=NIFTY Error: socket hang up
    at ignore-listed frames {
  code: 'ECONNRESET'
}
Error: socket hang up
    at ignore-listed frames {
  code: 'ECONNRESET'
}
Failed to proxy http://127.0.0.1:8000/api/signals/backtest?symbol=NIFTY Error: socket hang up
    at ignore-listed frames {
  code: 'ECONNRESET'
}
Error: socket hang up
    at ignore-listed frames {
  code: 'ECONNRESET'
}
Failed to proxy http://127.0.0.1:8000/api/signals/backtest?symbol=NIFTY Error: socket hang up
    at ignore-listed frames {
  code: 'ECONNRESET'
}
Error: socket hang up
    at ignore-listed frames {
  code: 'ECONNRESET'
}
Failed to proxy http://127.0.0.1:8000/api/signals/backtest?symbol=NIFTY Error: socket hang up
    at ignore-listed frames {
  code: 'ECONNRESET'
}
Error: socket hang up
    at ignore-listed frames {
  code: 'ECONNRESET'
}
Failed to proxy http://127.0.0.1:8000/api/signals/backtest?symbol=NIFTY Error: socket hang up
    at ignore-listed frames {
  code: 'ECONNRESET'
}
Error: socket hang up
    at ignore-listed frames {
  code: 'ECONNRESET'
}
Failed to proxy http://127.0.0.1:8000/api/signals/backtest?symbol=NIFTY Error: socket hang up
    at ignore-listed frames {
  code: 'ECONNRESET'
}
Error: socket hang up
    at ignore-listed frames {
  code: 'ECONNRESET'
}
Failed to proxy http://127.0.0.1:8000/api/signals/backtest?symbol=NIFTY Error: socket hang up
    at ignore-listed frames {
  code: 'ECONNRESET'
}
Error: socket hang up
    at ignore-listed frames {
  code: 'ECONNRESET'
}
Failed to proxy http://127.0.0.1:8000/api/signals/backtest?symbol=NIFTY Error: socket hang up
    at ignore-listed frames {
  code: 'ECONNRESET'
}
Error: socket hang up
    at ignore-listed frames {
  code: 'ECONNRESET'
}
Failed to proxy http://127.0.0.1:8000/api/signals/backtest?symbol=NIFTY Error: socket hang up
    at ignore-listed frames {
  code: 'ECONNRESET'
}
Error: socket hang up
    at ignore-listed frames {
  code: 'ECONNRESET'
}
Failed to proxy http://127.0.0.1:8000/api/signals/backtest?symbol=NIFTY Error: socket hang up
    at ignore-listed frames {
  code: 'ECONNRESET'
}
Error: socket hang up
    at ignore-listed frames {
  code: 'ECONNRESET'
}
